#
# A fatal error has been detected by the Java Runtime Environment:
#
#  EXCEPTION_IN_PAGE_ERROR (0xc0000006) at pc=0x00007ffbfcc61989, pid=2532, tid=21276
#
# JRE version:  (17.0.7+8) (build )
# Java VM: Java HotSpot(TM) 64-Bit Server VM (17.0.7+8-LTS-224, mixed mode, sharing, tiered, compressed oops, compressed class ptrs, g1 gc, windows-amd64)
# Problematic frame:
# C  [VCRUNTIME140.dll+0x1989]
#
# No core dump will be written. Minidumps are not enabled by default on client versions of Windows
#
#

---------------  S U M M A R Y ------------

Command Line: Myclass.java

Host: 11th Gen Intel(R) Core(TM) i5-1135G7 @ 2.40GHz, 8 cores, 7G,  Windows 11 , 64 bit Build 22000 (10.0.22000.708)
Time: Sat May 18 23:57:36 2024 India Standard Time elapsed time: 0.035283 seconds (0d 0h 0m 0s)

---------------  T H R E A D  ---------------

Current thread is native thread

Stack: [0x000000671e400000,0x000000671e500000],  sp=0x000000671e4ff290,  free space=1020k
Native frames: (J=compiled Java code, j=interpreted, Vv=VM code, C=native code)
C  [VCRUNTIME140.dll+0x1989]
V  [jvm.dll+0x698763]
V  [jvm.dll+0x697497]
V  [jvm.dll+0x69704e]
V  [jvm.dll+0x367237]
V  [jvm.dll+0x7881a1]
V  [jvm.dll+0x3ea5ef]
V  [jvm.dll+0x3ec071]
C  [jli.dll+0x5297]
C  [ucrtbase.dll+0x26c0c]
C  [KERNEL32.DLL+0x154e0]
C  [ntdll.dll+0x485b]


siginfo: EXCEPTION_IN_PAGE_ERROR (0xc0000006), writing address 0x00000256f8b90000


Registers:
RAX=0x0000000000000000, RBX=0x00000256f8b90000, RCX=0x0000000000010000, RDX=0x0000000000000000
RSP=0x000000671e4ff290, RBP=0x00000256fab767f0, RSI=0x00000256f89862f0, RDI=0x00000256f8b90000
R8 =0x0000000000010000, R9 =0x00000256f8b90000, R10=0x00007ffbfcc60000, R11=0x0000000000000000
R12=0x0000000000000001, R13=0x00007ffbfc7c0010, R14=0x00000256fab74330, R15=0x0000000000010000
RIP=0x00007ffbfcc61989, EFLAGS=0x0000000000010202

Top of Stack: (sp=0x000000671e4ff290)
0x000000671e4ff290:   0000000000000000 00007ffbfc4f8763
0x000000671e4ff2a0:   00000256fab767f0 0000025600000000
0x000000671e4ff2b0:   00000256f89862f0 000000000000017c
0x000000671e4ff2c0:   0000000000010000 000000671e4ff2e0
0x000000671e4ff2d0:   000000671e4ff560 0000025600000104
0x000000671e4ff2e0:   0000000000000103 00000256fab767f3
0x000000671e4ff2f0:   0000025600000101 0000000000000080
0x000000671e4ff300:   0000000000000000 0000000000000014
0x000000671e4ff310:   0000000000000000 0000000000000020
0x000000671e4ff320:   0000000000000000 0000000000000002
0x000000671e4ff330:   0000000000000000 000000671e4ff3e9
0x000000671e4ff340:   00000256005c3a43 00007ffc26fe8d1a
0x000000671e4ff350:   00000256f89c0000 0000025600000000
0x000000671e4ff360:   0000000000000014 0000025600000000
0x000000671e4ff370:   00007ffb00000002 000000000000017e
0x000000671e4ff380:   0000000000000002 0000000000000090 

Instructions: (pc=0x00007ffbfcc61989)
0x00007ffbfcc61889:   49 03 c8 0f 10 44 11 f0 48 83 e9 10 49 83 e8 10
0x00007ffbfcc61899:   f6 c1 0f 74 17 48 8b c1 48 83 e1 f0 0f 10 c8 0f
0x00007ffbfcc618a9:   10 04 11 0f 11 08 4c 8b c1 4d 2b c3 4d 8b c8 49
0x00007ffbfcc618b9:   c1 e9 07 74 6f 0f 29 01 eb 14 66 66 66 66 66 0f
0x00007ffbfcc618c9:   1f 84 00 00 00 00 00 0f 29 41 10 0f 29 09 0f 10
0x00007ffbfcc618d9:   44 11 f0 0f 10 4c 11 e0 48 81 e9 80 00 00 00 0f
0x00007ffbfcc618e9:   29 41 70 0f 29 49 60 0f 10 44 11 50 0f 10 4c 11
0x00007ffbfcc618f9:   40 49 ff c9 0f 29 41 50 0f 29 49 40 0f 10 44 11
0x00007ffbfcc61909:   30 0f 10 4c 11 20 0f 29 41 30 0f 29 49 20 0f 10
0x00007ffbfcc61919:   44 11 10 0f 10 0c 11 75 ae 0f 29 41 10 49 83 e0
0x00007ffbfcc61929:   7f 0f 28 c1 4d 8b c8 49 c1 e9 04 74 1a 66 66 0f
0x00007ffbfcc61939:   1f 84 00 00 00 00 00 0f 11 01 48 83 e9 10 0f 10
0x00007ffbfcc61949:   04 11 49 ff c9 75 f0 49 83 e0 0f 74 08 41 0f 10
0x00007ffbfcc61959:   0a 41 0f 11 0b 0f 11 01 49 8b c3 c3 cc cc cc cc
0x00007ffbfcc61969:   cc cc cc cc cc cc cc cc cc cc cc cc cc 66 66 0f
0x00007ffbfcc61979:   1f 84 00 00 00 00 00 57 8b c2 48 8b f9 49 8b c8
0x00007ffbfcc61989:   f3 aa 49 8b c1 5f c3 cc cc cc cc cc cc 66 66 0f
0x00007ffbfcc61999:   1f 84 00 00 00 00 00 48 8b c1 4c 8b c9 4c 8d 15
0x00007ffbfcc619a9:   53 e6 ff ff 0f b6 d2 49 bb 01 01 01 01 01 01 01
0x00007ffbfcc619b9:   01 4c 0f af da 66 49 0f 6e c3 49 83 f8 0f 0f 87
0x00007ffbfcc619c9:   83 00 00 00 0f 1f 00 49 03 c8 47 8b 8c 82 b0 80
0x00007ffbfcc619d9:   01 00 4d 03 ca 41 ff e1 4c 89 59 f1 44 89 59 f9
0x00007ffbfcc619e9:   66 44 89 59 fd 44 88 59 ff c3 4c 89 59 f2 44 89
0x00007ffbfcc619f9:   59 fa 66 44 89 59 fe c3 66 66 66 66 66 66 66 0f
0x00007ffbfcc61a09:   1f 84 00 00 00 00 00 4c 89 59 f3 44 89 59 fb 44
0x00007ffbfcc61a19:   88 59 ff c3 0f 1f 00 4c 89 59 f4 44 89 59 fc c3
0x00007ffbfcc61a29:   4c 89 59 f5 66 44 89 59 fd 44 88 59 ff c3 4c 89
0x00007ffbfcc61a39:   59 f7 44 88 59 ff c3 4c 89 59 f6 66 44 89 59 fe
0x00007ffbfcc61a49:   c3 4c 89 59 f8 c3 90 66 0f 6c c0 49 83 f8 20 77
0x00007ffbfcc61a59:   0c f3 0f 7f 01 f3 42 0f 7f 44 01 f0 c3 83 3d ab
0x00007ffbfcc61a69:   45 01 00 03 0f 82 dd 01 00 00 4c 3b 05 a6 45 01
0x00007ffbfcc61a79:   00 76 16 4c 3b 05 a5 45 01 00 77 0d f6 05 30 49 



---------------  P R O C E S S  ---------------

VM state: not at safepoint (not fully initialized)

VM Mutex/Monitor currently owned by a thread: None

Heap address: 0x0000000000000000, size: 0 MB, Compressed Oops mode: 32-bit

CDS archive(s) mapped at: [0x0000000000000000-0x0000000000000000-0x0000000000000000), size 0, SharedBaseAddress: 0x0000000800000000, ArchiveRelocationMode: 0.
Narrow klass base: 0x0000000000000000, Narrow klass shift: 0, Narrow klass range: 0x0

GC Precious Log:
<Not initialized>

Deoptimization events (0 events):
No events

Classes unloaded (0 events):
No events

Classes redefined (0 events):
No events

Internal exceptions (0 events):
No events

VM Operations (0 events):
No events

Events (0 events):
No events


Dynamic libraries:
0x00007ff76c540000 - 0x00007ff76c550000 	C:\Program Files\Java\jdk-17\bin\java.exe
0x00007ffc26fc0000 - 0x00007ffc271c9000 	C:\WINDOWS\SYSTEM32\ntdll.dll
0x00007ffc25420000 - 0x00007ffc254dd000 	C:\WINDOWS\System32\KERNEL32.DLL
0x00007ffc245b0000 - 0x00007ffc2492b000 	C:\WINDOWS\System32\KERNELBASE.dll
0x00007ffc24490000 - 0x00007ffc245a1000 	C:\WINDOWS\System32\ucrtbase.dll
0x00007ffbfcc60000 - 0x00007ffbfcc7b000 	C:\Program Files\Java\jdk-17\bin\VCRUNTIME140.dll
0x00007ffbfcc80000 - 0x00007ffbfcc99000 	C:\Program Files\Java\jdk-17\bin\jli.dll
0x00007ffc24f90000 - 0x00007ffc2503e000 	C:\WINDOWS\System32\ADVAPI32.dll
0x00007ffc254e0000 - 0x00007ffc25583000 	C:\WINDOWS\System32\msvcrt.dll
0x00007ffc252a0000 - 0x00007ffc2533e000 	C:\WINDOWS\System32\sechost.dll
0x00007ffc26340000 - 0x00007ffc26460000 	C:\WINDOWS\System32\RPCRT4.dll
0x00007ffc25fd0000 - 0x00007ffc2617d000 	C:\WINDOWS\System32\USER32.dll
0x00007ffc24cf0000 - 0x00007ffc24d16000 	C:\WINDOWS\System32\win32u.dll
0x00007ffc02070000 - 0x00007ffc02315000 	C:\WINDOWS\WinSxS\amd64_microsoft.windows.common-controls_6595b64144ccf1df_6.0.22000.120_none_9d947278b86cc467\COMCTL32.dll
0x00007ffc25200000 - 0x00007ffc25229000 	C:\WINDOWS\System32\GDI32.dll
0x00007ffc24b10000 - 0x00007ffc24c28000 	C:\WINDOWS\System32\gdi32full.dll
0x00007ffc24d20000 - 0x00007ffc24dbd000 	C:\WINDOWS\System32\msvcp_win.dll
0x00007ffc17da0000 - 0x00007ffc17daa000 	C:\WINDOWS\SYSTEM32\VERSION.dll
0x00007ffc25b10000 - 0x00007ffc25b41000 	C:\WINDOWS\System32\IMM32.DLL
0x00007ffbfe390000 - 0x00007ffbfe39c000 	C:\Program Files\Java\jdk-17\bin\vcruntime140_1.dll
0x00007ffbfca40000 - 0x00007ffbfcace000 	C:\Program Files\Java\jdk-17\bin\msvcp140.dll
0x00007ffbfbe60000 - 0x00007ffbfca3d000 	C:\Program Files\Java\jdk-17\bin\server\jvm.dll
0x00007ffc25a00000 - 0x00007ffc25a08000 	C:\WINDOWS\System32\PSAPI.DLL
0x00007ffc1d180000 - 0x00007ffc1d1b3000 	C:\WINDOWS\SYSTEM32\WINMM.dll
0x00007ffc02d70000 - 0x00007ffc02d79000 	C:\WINDOWS\SYSTEM32\WSOCK32.dll
0x00007ffc25230000 - 0x00007ffc2529f000 	C:\WINDOWS\System32\WS2_32.dll
0x00007ffc235d0000 - 0x00007ffc235e8000 	C:\WINDOWS\SYSTEM32\kernel.appcore.dll
0x00007ffbfdcf0000 - 0x00007ffbfdcfa000 	C:\Program Files\Java\jdk-17\bin\jimage.dll
0x00007ffc218c0000 - 0x00007ffc21ae1000 	C:\WINDOWS\SYSTEM32\DBGHELP.DLL
0x00007ffc038d0000 - 0x00007ffc03901000 	C:\WINDOWS\SYSTEM32\dbgcore.DLL
0x00007ffc24dc0000 - 0x00007ffc24e3f000 	C:\WINDOWS\System32\bcryptPrimitives.dll

dbghelp: loaded successfully - version: 4.0.5 - missing functions: none
symbol engine: initialized successfully - sym options: 0x614 - pdb path: .;C:\Program Files\Java\jdk-17\bin;C:\WINDOWS\SYSTEM32;C:\WINDOWS\WinSxS\amd64_microsoft.windows.common-controls_6595b64144ccf1df_6.0.22000.120_none_9d947278b86cc467;C:\Program Files\Java\jdk-17\bin\server

VM Arguments:
java_command: Myclass.java
java_class_path (initial): C:\Program Files\Java\jdk1.8.0_291\lib
Launcher Type: SUN_STANDARD

[Global flags]
     uint ConcGCThreads                            = 2                                         {product} {ergonomic}
     uint G1ConcRefinementThreads                  = 8                                         {product} {ergonomic}
    uintx GCDrainStackTargetSize                   = 64                                        {product} {ergonomic}
   size_t InitialHeapSize                          = 128311360                                 {product} {ergonomic}
   size_t MarkStackSize                            = 4194304                                   {product} {ergonomic}
   size_t MaxHeapSize                              = 2052981760                                {product} {ergonomic}
   size_t MinHeapSize                              = 6815736                                   {product} {ergonomic}
    uintx ReservedCodeCacheSize                    = 251658240                              {pd product} {ergonomic}
     bool SegmentedCodeCache                       = true                                      {product} {ergonomic}
     bool UseCompressedClassPointers               = true                           {product lp64_product} {ergonomic}
     bool UseCompressedOops                        = true                           {product lp64_product} {ergonomic}
     bool UseG1GC                                  = true                                      {product} {ergonomic}
     bool UseLargePagesIndividualAllocation        = false                                  {pd product} {ergonomic}

Logging:
Log output configuration:
 #0: stdout all=warning uptime,level,tags
 #1: stderr all=off uptime,level,tags

Environment Variables:
JAVA_HOME=C:\Program Files\Java\jdk1.8.0_291
CLASSPATH=C:\Program Files\Java\jdk1.8.0_291\lib
PATH=C:\Python312\Scripts\;C:\Python312\;C:\Program Files\Common Files\Oracle\Java\javapath;C:\Python310\Scripts\;C:\Python310\;C:\Program Files (x86)\Common Files\Oracle\Java\javapath;C:\WINDOWS\system32;C:\WINDOWS;C:\WINDOWS\System32\Wbem;C:\WINDOWS\System32\WindowsPowerShell\v1.0\;C:\WINDOWS\System32\OpenSSH\;C:\Program Files\Java\jdk1.8.0_291\bin;C:\Program Files\apache-maven-3.8.1\bin;C:\Program Files\Git\cmd;C:\ProgramData\chocolatey\bin;C:\Program Files\Microsoft VS Code\bin;C:\Program Files\Amazon\AWSCLIV2\;C:\Program Files\Docker\Docker\resources\bin;C:\Program Files\nodejs\;C:\Program Files\HP\HP One Agent;C:\Users\Nishi Verma\AppData\Local\Programs\Python\Python311\Scripts\;C:\Users\Nishi Verma\AppData\Local\Programs\Python\Python311\;C:\Users\Nishi Verma\AppData\Local\Programs\Python\Launcher\;C:\Users\Nishi Verma\AppData\Roaming\npm\node_modules\@angular\cli\bin;C:\Program Files\heroku\bin;C:\Users\Nishi Verma\AppData\Local\Microsoft\WindowsApps;C:\Program Files\JetBrains\PyCharm 2023.1.3\bin;C:\Program Files\JetBrains\PyCharm Community Edition 2023.1.4\bin;C:\tool\spring-1.3.0.M1\bin;C:\Users\Nishi Verma\AppData\Roaming\npm;C:\Users\Nishi Verma\AppData\Roaming\npm;C:\Users\Nishi Verma\AppData\Roaming\npm\node_modules\@angular\cli\bin
USERNAME=Nishi Verma
LANG=en_US.UTF-8
OS=Windows_NT
PROCESSOR_IDENTIFIER=Intel64 Family 6 Model 140 Stepping 1, GenuineIntel



---------------  S Y S T E M  ---------------

OS:
 Windows 11 , 64 bit Build 22000 (10.0.22000.708)
OS uptime: 0 days 5:23 hours

CPU: total 8 (initial active 8) 

Memory: 4k page, system-wide physical 7831M (1178M free)
TotalPageFile size 20119M (AvailPageFile size 3344M)
current process WorkingSet (physical memory assigned to process): 8M, peak: 8M
current process commit charge ("private bytes"): 3M, peak: 3M

vm_info: Java HotSpot(TM) 64-Bit Server VM (17.0.7+8-LTS-224) for windows-amd64 JRE (17.0.7+8-LTS-224), built on Feb 28 2023 23:03:02 by "mach5one" with MS VC++ 17.1 (VS2022)

END.
