2024-05-20 13:13:36,490 [Worker-1: Loading available Gradle versions] INFO  o.e.b.c.i.u.g.PublishedGradleVersions - Gradle version information cache is up-to-date. Trying to read.
2024-05-20 13:19:25,265 [Worker-0: Loading available Gradle versions] INFO  o.e.b.c.i.u.g.PublishedGradleVersions - Gradle version information cache is up-to-date. Trying to read.
2024-05-20 17:09:18,802 [Worker-4: Loading available Gradle versions] INFO  o.e.b.c.i.u.g.PublishedGradleVersions - Gradle version information cache is up-to-date. Trying to read.
2024-05-20 17:26:29,762 [Worker-4: Loading available Gradle versions] INFO  o.e.b.c.i.u.g.PublishedGradleVersions - Gradle version information cache is up-to-date. Trying to read.
2024-05-20 17:27:27,961 [Worker-6: Importing Maven projects] INFO  o.e.m.c.i.l.LifecycleMappingFactory - Using org.eclipse.m2e.jdt.JarLifecycleMapping lifecycle mapping for MavenProject: com.demo:CurdOperation:0.0.1-SNAPSHOT @ E:\CurdOperation\pom.xml.
2024-05-20 17:27:29,574 [Worker-6: Importing Maven projects] INFO  o.e.m.j.i.AbstractJavaProjectConfigurator - Adding source folder /CurdOperation/src/main/java
2024-05-20 17:27:29,576 [Worker-6: Importing Maven projects] INFO  o.e.m.j.i.AbstractJavaProjectConfigurator - Adding resource folder /CurdOperation/src/main/resources
2024-05-20 17:27:29,577 [Worker-6: Importing Maven projects] INFO  o.e.m.j.i.AbstractJavaProjectConfigurator - Adding resource folder /CurdOperation/src/main/resources
2024-05-20 17:27:29,578 [Worker-6: Importing Maven projects] INFO  o.e.m.j.i.AbstractJavaProjectConfigurator - Adding source folder /CurdOperation/src/test/java
2024-05-20 17:27:29,578 [Worker-6: Importing Maven projects] INFO  o.e.m.j.i.AbstractJavaProjectConfigurator - Adding resource folder /CurdOperation/src/test/resources
2024-05-20 17:27:29,794 [Worker-6: Importing Maven projects] INFO  o.e.m.c.i.p.ProjectConfigurationManager - Imported and configured 1 project(s) in 3 sec
2024-05-20 17:27:30,720 [Worker-0: Building] INFO  o.a.m.s.f.DefaultMavenResourcesFiltering - Copying 1 resource from src\main\resources to target\classes
2024-05-20 17:27:30,745 [Worker-0: Building] INFO  o.a.m.s.f.DefaultMavenResourcesFiltering - Copying 0 resource from src\main\resources to target\classes
2024-05-20 17:27:30,749 [Worker-0: Building] INFO  o.a.m.s.f.DefaultMavenResourcesFiltering - skip non existing resourceDirectory E:\CurdOperation\src\test\resources
2024-05-20 17:30:45,134 [Worker-11: Building] INFO  o.a.m.s.f.DefaultMavenResourcesFiltering - Copying 1 resource from src\main\resources to target\classes
2024-05-20 17:30:45,140 [Worker-11: Building] INFO  o.a.m.s.f.DefaultMavenResourcesFiltering - Copying 0 resource from src\main\resources to target\classes
2024-05-20 17:30:45,143 [Worker-11: Building] INFO  o.a.m.s.f.DefaultMavenResourcesFiltering - skip non existing resourceDirectory E:\CurdOperation\src\test\resources
2024-05-20 17:30:47,920 [Worker-5: Building] INFO  o.a.m.s.f.DefaultMavenResourcesFiltering - Copying 1 resource from src\main\resources to target\classes
2024-05-20 17:30:47,942 [Worker-5: Building] INFO  o.a.m.s.f.DefaultMavenResourcesFiltering - Copying 0 resource from src\main\resources to target\classes
2024-05-20 17:30:47,945 [Worker-5: Building] INFO  o.a.m.s.f.DefaultMavenResourcesFiltering - skip non existing resourceDirectory E:\CurdOperation\src\test\resources
2024-05-20 17:30:57,154 [Worker-3: Building] INFO  o.a.m.s.f.DefaultMavenResourcesFiltering - Copying 1 resource from src\main\resources to target\classes
2024-05-20 17:30:57,172 [Worker-3: Building] INFO  o.a.m.s.f.DefaultMavenResourcesFiltering - Copying 0 resource from src\main\resources to target\classes
2024-05-20 17:30:57,176 [Worker-3: Building] INFO  o.a.m.s.f.DefaultMavenResourcesFiltering - skip non existing resourceDirectory E:\CurdOperation\src\test\resources
2024-05-20 17:31:13,083 [Worker-7: Building] INFO  o.a.m.s.f.DefaultMavenResourcesFiltering - Copying 1 resource from src\main\resources to target\classes
2024-05-20 17:31:13,086 [Worker-7: Building] INFO  o.a.m.s.f.DefaultMavenResourcesFiltering - Copying 0 resource from src\main\resources to target\classes
2024-05-20 17:31:13,089 [Worker-7: Building] INFO  o.a.m.s.f.DefaultMavenResourcesFiltering - skip non existing resourceDirectory E:\CurdOperation\src\test\resources
2024-05-20 17:31:25,314 [Worker-6: Building] INFO  o.a.m.s.f.DefaultMavenResourcesFiltering - Copying 1 resource from src\main\resources to target\classes
2024-05-20 17:31:25,348 [Worker-6: Building] INFO  o.a.m.s.f.DefaultMavenResourcesFiltering - Copying 0 resource from src\main\resources to target\classes
2024-05-20 17:31:25,351 [Worker-6: Building] INFO  o.a.m.s.f.DefaultMavenResourcesFiltering - skip non existing resourceDirectory E:\CurdOperation\src\test\resources
2024-05-20 17:34:04,783 [Worker-5: Building] INFO  o.a.m.s.f.DefaultMavenResourcesFiltering - Copying 1 resource from src\main\resources to target\classes
2024-05-20 17:34:04,788 [Worker-5: Building] INFO  o.a.m.s.f.DefaultMavenResourcesFiltering - Copying 0 resource from src\main\resources to target\classes
2024-05-20 17:34:04,792 [Worker-5: Building] INFO  o.a.m.s.f.DefaultMavenResourcesFiltering - skip non existing resourceDirectory E:\CurdOperation\src\test\resources
2024-05-20 17:34:30,848 [Worker-11: Launching Executing clean in E__CurdOperation] INFO  o.eclipse.m2e.core.internal.Bundles - getClasspathEntries(Bundle=org.eclipse.m2e.maven.runtime_3.9.600.20231203-1234 [297])
2024-05-20 17:34:30,850 [Worker-11: Launching Executing clean in E__CurdOperation] INFO  o.eclipse.m2e.core.internal.Bundles - 	Entry: C:\Users\Nishi Verma\.p2\pool\plugins\org.eclipse.m2e.maven.runtime_3.9.600.20231203-1234
2024-05-20 17:34:30,851 [Worker-11: Launching Executing clean in E__CurdOperation] INFO  o.eclipse.m2e.core.internal.Bundles - 	Entry: C:\Users\Nishi Verma\.p2\pool\plugins\org.eclipse.m2e.maven.runtime_3.9.600.20231203-1234\jars\aopalliance-1.0.jar
2024-05-20 17:34:30,851 [Worker-11: Launching Executing clean in E__CurdOperation] INFO  o.eclipse.m2e.core.internal.Bundles - 	Entry: C:\Users\Nishi Verma\.p2\pool\plugins\org.eclipse.m2e.maven.runtime_3.9.600.20231203-1234\jars\guice-5.1.0.jar
2024-05-20 17:34:30,851 [Worker-11: Launching Executing clean in E__CurdOperation] INFO  o.eclipse.m2e.core.internal.Bundles - 	Entry: C:\Users\Nishi Verma\.p2\pool\plugins\org.eclipse.m2e.maven.runtime_3.9.600.20231203-1234\jars\httpclient-4.5.14.jar
2024-05-20 17:34:30,851 [Worker-11: Launching Executing clean in E__CurdOperation] INFO  o.eclipse.m2e.core.internal.Bundles - 	Entry: C:\Users\Nishi Verma\.p2\pool\plugins\org.eclipse.m2e.maven.runtime_3.9.600.20231203-1234\jars\httpcore-4.4.16.jar
2024-05-20 17:34:30,851 [Worker-11: Launching Executing clean in E__CurdOperation] INFO  o.eclipse.m2e.core.internal.Bundles - 	Entry: C:\Users\Nishi Verma\.p2\pool\plugins\org.eclipse.m2e.maven.runtime_3.9.600.20231203-1234\jars\jansi-2.4.0.jar
2024-05-20 17:34:30,851 [Worker-11: Launching Executing clean in E__CurdOperation] INFO  o.eclipse.m2e.core.internal.Bundles - 	Entry: C:\Users\Nishi Verma\.p2\pool\plugins\org.eclipse.m2e.maven.runtime_3.9.600.20231203-1234\jars\jcl-over-slf4j-1.7.36.jar
2024-05-20 17:34:30,851 [Worker-11: Launching Executing clean in E__CurdOperation] INFO  o.eclipse.m2e.core.internal.Bundles - 	Entry: C:\Users\Nishi Verma\.p2\pool\plugins\org.eclipse.m2e.maven.runtime_3.9.600.20231203-1234\jars\maven-artifact-3.9.6.jar
2024-05-20 17:34:30,852 [Worker-11: Launching Executing clean in E__CurdOperation] INFO  o.eclipse.m2e.core.internal.Bundles - 	Entry: C:\Users\Nishi Verma\.p2\pool\plugins\org.eclipse.m2e.maven.runtime_3.9.600.20231203-1234\jars\maven-builder-support-3.9.6.jar
2024-05-20 17:34:30,852 [Worker-11: Launching Executing clean in E__CurdOperation] INFO  o.eclipse.m2e.core.internal.Bundles - 	Entry: C:\Users\Nishi Verma\.p2\pool\plugins\org.eclipse.m2e.maven.runtime_3.9.600.20231203-1234\jars\maven-compat-3.9.6.jar
2024-05-20 17:34:30,852 [Worker-11: Launching Executing clean in E__CurdOperation] INFO  o.eclipse.m2e.core.internal.Bundles - 	Entry: C:\Users\Nishi Verma\.p2\pool\plugins\org.eclipse.m2e.maven.runtime_3.9.600.20231203-1234\jars\maven-core-3.9.6.jar
2024-05-20 17:34:30,852 [Worker-11: Launching Executing clean in E__CurdOperation] INFO  o.eclipse.m2e.core.internal.Bundles - 	Entry: C:\Users\Nishi Verma\.p2\pool\plugins\org.eclipse.m2e.maven.runtime_3.9.600.20231203-1234\jars\maven-embedder-3.9.6.jar
2024-05-20 17:34:30,852 [Worker-11: Launching Executing clean in E__CurdOperation] INFO  o.eclipse.m2e.core.internal.Bundles - 	Entry: C:\Users\Nishi Verma\.p2\pool\plugins\org.eclipse.m2e.maven.runtime_3.9.600.20231203-1234\jars\maven-model-3.9.6.jar
2024-05-20 17:34:30,852 [Worker-11: Launching Executing clean in E__CurdOperation] INFO  o.eclipse.m2e.core.internal.Bundles - 	Entry: C:\Users\Nishi Verma\.p2\pool\plugins\org.eclipse.m2e.maven.runtime_3.9.600.20231203-1234\jars\maven-model-builder-3.9.6.jar
2024-05-20 17:34:30,852 [Worker-11: Launching Executing clean in E__CurdOperation] INFO  o.eclipse.m2e.core.internal.Bundles - 	Entry: C:\Users\Nishi Verma\.p2\pool\plugins\org.eclipse.m2e.maven.runtime_3.9.600.20231203-1234\jars\maven-plugin-api-3.9.6.jar
2024-05-20 17:34:30,853 [Worker-11: Launching Executing clean in E__CurdOperation] INFO  o.eclipse.m2e.core.internal.Bundles - 	Entry: C:\Users\Nishi Verma\.p2\pool\plugins\org.eclipse.m2e.maven.runtime_3.9.600.20231203-1234\jars\maven-repository-metadata-3.9.6.jar
2024-05-20 17:34:30,853 [Worker-11: Launching Executing clean in E__CurdOperation] INFO  o.eclipse.m2e.core.internal.Bundles - 	Entry: C:\Users\Nishi Verma\.p2\pool\plugins\org.eclipse.m2e.maven.runtime_3.9.600.20231203-1234\jars\maven-resolver-api-1.9.18.jar
2024-05-20 17:34:30,853 [Worker-11: Launching Executing clean in E__CurdOperation] INFO  o.eclipse.m2e.core.internal.Bundles - 	Entry: C:\Users\Nishi Verma\.p2\pool\plugins\org.eclipse.m2e.maven.runtime_3.9.600.20231203-1234\jars\maven-resolver-connector-basic-1.9.18.jar
2024-05-20 17:34:30,853 [Worker-11: Launching Executing clean in E__CurdOperation] INFO  o.eclipse.m2e.core.internal.Bundles - 	Entry: C:\Users\Nishi Verma\.p2\pool\plugins\org.eclipse.m2e.maven.runtime_3.9.600.20231203-1234\jars\maven-resolver-impl-1.9.18.jar
2024-05-20 17:34:30,853 [Worker-11: Launching Executing clean in E__CurdOperation] INFO  o.eclipse.m2e.core.internal.Bundles - 	Entry: C:\Users\Nishi Verma\.p2\pool\plugins\org.eclipse.m2e.maven.runtime_3.9.600.20231203-1234\jars\maven-resolver-named-locks-1.9.18.jar
2024-05-20 17:34:30,853 [Worker-11: Launching Executing clean in E__CurdOperation] INFO  o.eclipse.m2e.core.internal.Bundles - 	Entry: C:\Users\Nishi Verma\.p2\pool\plugins\org.eclipse.m2e.maven.runtime_3.9.600.20231203-1234\jars\maven-resolver-provider-3.9.6.jar
2024-05-20 17:34:30,853 [Worker-11: Launching Executing clean in E__CurdOperation] INFO  o.eclipse.m2e.core.internal.Bundles - 	Entry: C:\Users\Nishi Verma\.p2\pool\plugins\org.eclipse.m2e.maven.runtime_3.9.600.20231203-1234\jars\maven-resolver-spi-1.9.18.jar
2024-05-20 17:34:30,853 [Worker-11: Launching Executing clean in E__CurdOperation] INFO  o.eclipse.m2e.core.internal.Bundles - 	Entry: C:\Users\Nishi Verma\.p2\pool\plugins\org.eclipse.m2e.maven.runtime_3.9.600.20231203-1234\jars\maven-resolver-transport-file-1.9.18.jar
2024-05-20 17:34:30,853 [Worker-11: Launching Executing clean in E__CurdOperation] INFO  o.eclipse.m2e.core.internal.Bundles - 	Entry: C:\Users\Nishi Verma\.p2\pool\plugins\org.eclipse.m2e.maven.runtime_3.9.600.20231203-1234\jars\maven-resolver-transport-http-1.9.18.jar
2024-05-20 17:34:30,853 [Worker-11: Launching Executing clean in E__CurdOperation] INFO  o.eclipse.m2e.core.internal.Bundles - 	Entry: C:\Users\Nishi Verma\.p2\pool\plugins\org.eclipse.m2e.maven.runtime_3.9.600.20231203-1234\jars\maven-resolver-transport-wagon-1.9.18.jar
2024-05-20 17:34:30,854 [Worker-11: Launching Executing clean in E__CurdOperation] INFO  o.eclipse.m2e.core.internal.Bundles - 	Entry: C:\Users\Nishi Verma\.p2\pool\plugins\org.eclipse.m2e.maven.runtime_3.9.600.20231203-1234\jars\maven-resolver-util-1.9.18.jar
2024-05-20 17:34:30,854 [Worker-11: Launching Executing clean in E__CurdOperation] INFO  o.eclipse.m2e.core.internal.Bundles - 	Entry: C:\Users\Nishi Verma\.p2\pool\plugins\org.eclipse.m2e.maven.runtime_3.9.600.20231203-1234\jars\maven-settings-3.9.6.jar
2024-05-20 17:34:30,854 [Worker-11: Launching Executing clean in E__CurdOperation] INFO  o.eclipse.m2e.core.internal.Bundles - 	Entry: C:\Users\Nishi Verma\.p2\pool\plugins\org.eclipse.m2e.maven.runtime_3.9.600.20231203-1234\jars\maven-settings-builder-3.9.6.jar
2024-05-20 17:34:30,854 [Worker-11: Launching Executing clean in E__CurdOperation] INFO  o.eclipse.m2e.core.internal.Bundles - 	Entry: C:\Users\Nishi Verma\.p2\pool\plugins\org.eclipse.m2e.maven.runtime_3.9.600.20231203-1234\jars\maven-shared-utils-3.3.4.jar
2024-05-20 17:34:30,854 [Worker-11: Launching Executing clean in E__CurdOperation] INFO  o.eclipse.m2e.core.internal.Bundles - 	Entry: C:\Users\Nishi Verma\.p2\pool\plugins\org.eclipse.m2e.maven.runtime_3.9.600.20231203-1234\jars\org.eclipse.sisu.inject-0.9.0.M2.jar
2024-05-20 17:34:30,854 [Worker-11: Launching Executing clean in E__CurdOperation] INFO  o.eclipse.m2e.core.internal.Bundles - 	Entry: C:\Users\Nishi Verma\.p2\pool\plugins\org.eclipse.m2e.maven.runtime_3.9.600.20231203-1234\jars\org.eclipse.sisu.plexus-0.9.0.M2.jar
2024-05-20 17:34:30,854 [Worker-11: Launching Executing clean in E__CurdOperation] INFO  o.eclipse.m2e.core.internal.Bundles - 	Entry: C:\Users\Nishi Verma\.p2\pool\plugins\org.eclipse.m2e.maven.runtime_3.9.600.20231203-1234\jars\plexus-build-api-0.0.7.jar
2024-05-20 17:34:30,854 [Worker-11: Launching Executing clean in E__CurdOperation] INFO  o.eclipse.m2e.core.internal.Bundles - 	Entry: C:\Users\Nishi Verma\.p2\pool\plugins\org.eclipse.m2e.maven.runtime_3.9.600.20231203-1234\jars\plexus-cipher-2.0.jar
2024-05-20 17:34:30,854 [Worker-11: Launching Executing clean in E__CurdOperation] INFO  o.eclipse.m2e.core.internal.Bundles - 	Entry: C:\Users\Nishi Verma\.p2\pool\plugins\org.eclipse.m2e.maven.runtime_3.9.600.20231203-1234\jars\plexus-classworlds-2.7.0.jar
2024-05-20 17:34:30,855 [Worker-11: Launching Executing clean in E__CurdOperation] INFO  o.eclipse.m2e.core.internal.Bundles - 	Entry: C:\Users\Nishi Verma\.p2\pool\plugins\org.eclipse.m2e.maven.runtime_3.9.600.20231203-1234\jars\plexus-component-annotations-2.1.0.jar
2024-05-20 17:34:30,855 [Worker-11: Launching Executing clean in E__CurdOperation] INFO  o.eclipse.m2e.core.internal.Bundles - 	Entry: C:\Users\Nishi Verma\.p2\pool\plugins\org.eclipse.m2e.maven.runtime_3.9.600.20231203-1234\jars\plexus-interpolation-1.26.jar
2024-05-20 17:34:30,855 [Worker-11: Launching Executing clean in E__CurdOperation] INFO  o.eclipse.m2e.core.internal.Bundles - 	Entry: C:\Users\Nishi Verma\.p2\pool\plugins\org.eclipse.m2e.maven.runtime_3.9.600.20231203-1234\jars\plexus-sec-dispatcher-2.0.jar
2024-05-20 17:34:30,855 [Worker-11: Launching Executing clean in E__CurdOperation] INFO  o.eclipse.m2e.core.internal.Bundles - 	Entry: C:\Users\Nishi Verma\.p2\pool\plugins\org.eclipse.m2e.maven.runtime_3.9.600.20231203-1234\jars\plexus-utils-3.5.1.jar
2024-05-20 17:34:30,855 [Worker-11: Launching Executing clean in E__CurdOperation] INFO  o.eclipse.m2e.core.internal.Bundles - 	Entry: C:\Users\Nishi Verma\.p2\pool\plugins\org.eclipse.m2e.maven.runtime_3.9.600.20231203-1234\jars\wagon-file-3.5.3.jar
2024-05-20 17:34:30,855 [Worker-11: Launching Executing clean in E__CurdOperation] INFO  o.eclipse.m2e.core.internal.Bundles - 	Entry: C:\Users\Nishi Verma\.p2\pool\plugins\org.eclipse.m2e.maven.runtime_3.9.600.20231203-1234\jars\wagon-http-3.5.3.jar
2024-05-20 17:34:30,855 [Worker-11: Launching Executing clean in E__CurdOperation] INFO  o.eclipse.m2e.core.internal.Bundles - 	Entry: C:\Users\Nishi Verma\.p2\pool\plugins\org.eclipse.m2e.maven.runtime_3.9.600.20231203-1234\jars\wagon-http-shared-3.5.3.jar
2024-05-20 17:34:30,855 [Worker-11: Launching Executing clean in E__CurdOperation] INFO  o.eclipse.m2e.core.internal.Bundles - 	Entry: C:\Users\Nishi Verma\.p2\pool\plugins\org.eclipse.m2e.maven.runtime_3.9.600.20231203-1234\jars\wagon-provider-api-3.5.3.jar
2024-05-20 17:34:30,857 [Worker-11: Launching Executing clean in E__CurdOperation] INFO  o.eclipse.m2e.core.internal.Bundles - getClasspathEntries(Bundle=com.google.guava_33.0.0.jre [10])
2024-05-20 17:34:30,858 [Worker-11: Launching Executing clean in E__CurdOperation] INFO  o.eclipse.m2e.core.internal.Bundles - 	Entry: C:\Users\Nishi Verma\.p2\pool\plugins\com.google.guava_33.0.0.jre.jar
2024-05-20 17:34:30,858 [Worker-11: Launching Executing clean in E__CurdOperation] INFO  o.eclipse.m2e.core.internal.Bundles - getClasspathEntries(Bundle=slf4j.api_2.0.12 [1001])
2024-05-20 17:34:30,858 [Worker-11: Launching Executing clean in E__CurdOperation] INFO  o.eclipse.m2e.core.internal.Bundles - 	Entry: C:\Users\Nishi Verma\.p2\pool\plugins\slf4j.api_2.0.12.jar
2024-05-20 17:34:30,858 [Worker-11: Launching Executing clean in E__CurdOperation] INFO  o.eclipse.m2e.core.internal.Bundles - getClasspathEntries(Bundle=jakarta.inject.jakarta.inject-api_1.0.5 [22])
2024-05-20 17:34:30,858 [Worker-11: Launching Executing clean in E__CurdOperation] INFO  o.eclipse.m2e.core.internal.Bundles - 	Entry: C:\Users\Nishi Verma\.p2\pool\plugins\jakarta.inject.jakarta.inject-api_1.0.5.jar
2024-05-20 17:34:30,858 [Worker-11: Launching Executing clean in E__CurdOperation] INFO  o.eclipse.m2e.core.internal.Bundles - getClasspathEntries(Bundle=jakarta.annotation-api_1.3.5 [20])
2024-05-20 17:34:30,859 [Worker-11: Launching Executing clean in E__CurdOperation] INFO  o.eclipse.m2e.core.internal.Bundles - 	Entry: C:\Users\Nishi Verma\.p2\pool\plugins\jakarta.annotation-api_1.3.5.jar
2024-05-20 17:34:30,859 [Worker-11: Launching Executing clean in E__CurdOperation] INFO  o.eclipse.m2e.core.internal.Bundles - getClasspathEntries(Bundle=org.apache.commons.cli_1.6.0 [46])
2024-05-20 17:34:30,859 [Worker-11: Launching Executing clean in E__CurdOperation] INFO  o.eclipse.m2e.core.internal.Bundles - 	Entry: C:\Users\Nishi Verma\.p2\pool\plugins\org.apache.commons.cli_1.6.0.jar
2024-05-20 17:34:30,859 [Worker-11: Launching Executing clean in E__CurdOperation] INFO  o.eclipse.m2e.core.internal.Bundles - getClasspathEntries(Bundle=org.apache.commons.commons-codec_1.16.0 [47])
2024-05-20 17:34:30,859 [Worker-11: Launching Executing clean in E__CurdOperation] INFO  o.eclipse.m2e.core.internal.Bundles - 	Entry: C:\Users\Nishi Verma\.p2\pool\plugins\org.apache.commons.commons-codec_1.16.0.jar
2024-05-20 17:34:30,859 [Worker-11: Launching Executing clean in E__CurdOperation] INFO  o.eclipse.m2e.core.internal.Bundles - getClasspathEntries(Bundle=org.apache.commons.lang3_3.14.0 [53])
2024-05-20 17:34:30,860 [Worker-11: Launching Executing clean in E__CurdOperation] INFO  o.eclipse.m2e.core.internal.Bundles - 	Entry: C:\Users\Nishi Verma\.p2\pool\plugins\org.apache.commons.lang3_3.14.0.jar
2024-05-20 17:34:30,860 [Worker-11: Launching Executing clean in E__CurdOperation] INFO  o.eclipse.m2e.core.internal.Bundles - getClasspathEntries(Bundle=com.google.guava.failureaccess_1.0.2 [11])
2024-05-20 17:34:30,860 [Worker-11: Launching Executing clean in E__CurdOperation] INFO  o.eclipse.m2e.core.internal.Bundles - 	Entry: C:\Users\Nishi Verma\.p2\pool\plugins\com.google.guava.failureaccess_1.0.2.jar
2024-05-20 17:34:30,865 [Worker-11: Launching Executing clean in E__CurdOperation] INFO  o.e.m.i.launch.MavenLaunchDelegate - Run build in "E:\CurdOperation":
2024-05-20 17:34:30,872 [Worker-11: Launching Executing clean in E__CurdOperation] INFO  o.e.m.i.launch.MavenLaunchDelegate -  mvn  -B -Dstyle.color=always clean
2024-05-20 17:34:34,686 [Worker-9: Building] INFO  o.a.m.s.f.DefaultMavenResourcesFiltering - Copying 1 resource from src\main\resources to target\classes
2024-05-20 17:34:34,689 [Worker-9: Building] INFO  o.a.m.s.f.DefaultMavenResourcesFiltering - Copying 0 resource from src\main\resources to target\classes
2024-05-20 17:34:34,700 [Worker-9: Building] INFO  o.a.m.s.f.DefaultMavenResourcesFiltering - skip non existing resourceDirectory E:\CurdOperation\src\test\resources
2024-05-20 17:50:34,980 [Worker-4: Loading available Gradle versions] INFO  o.e.b.c.i.u.g.PublishedGradleVersions - Gradle version information cache is up-to-date. Trying to read.
2024-05-20 17:55:08,750 [Worker-4: Building] INFO  o.a.m.s.f.DefaultMavenResourcesFiltering - Copying 1 resource from src\main\resources to target\classes
2024-05-20 17:55:08,810 [Worker-4: Building] INFO  o.a.m.s.f.DefaultMavenResourcesFiltering - Copying 0 resource from src\main\resources to target\classes
2024-05-20 17:55:08,822 [Worker-4: Building] INFO  o.a.m.s.f.DefaultMavenResourcesFiltering - skip non existing resourceDirectory E:\CurdOperation\src\test\resources
2024-05-20 18:31:30,406 [Worker-1: Loading available Gradle versions] INFO  o.e.b.c.i.u.g.PublishedGradleVersions - Gradle version information cache is up-to-date. Trying to read.
2024-05-20 20:05:48,711 [Worker-5: Loading available Gradle versions] INFO  o.e.b.c.i.u.g.PublishedGradleVersions - Gradle version information cache is out-of-date. Trying to update.
2024-05-20 20:05:52,613 [Worker-12: Building] INFO  o.a.m.s.f.DefaultMavenResourcesFiltering - Copying 1 resource from src\main\resources to target\classes
2024-05-20 20:05:52,635 [Worker-12: Building] INFO  o.a.m.s.f.DefaultMavenResourcesFiltering - Copying 0 resource from src\main\resources to target\classes
2024-05-20 20:05:52,640 [Worker-12: Building] INFO  o.a.m.s.f.DefaultMavenResourcesFiltering - skip non existing resourceDirectory E:\CurdOperation\src\test\resources
2024-05-20 20:13:54,108 [Worker-21: Building] INFO  o.a.m.s.f.DefaultMavenResourcesFiltering - Copying 0 resource from src\main\resources to target\classes
2024-05-20 20:13:54,109 [Worker-21: Building] INFO  o.a.m.s.f.DefaultMavenResourcesFiltering - Copying 0 resource from src\main\resources to target\classes
2024-05-20 20:13:54,112 [Worker-21: Building] INFO  o.a.m.s.f.DefaultMavenResourcesFiltering - skip non existing resourceDirectory E:\CurdOperation\src\test\resources
2024-05-20 20:14:58,110 [Worker-24: Building] INFO  o.a.m.s.f.DefaultMavenResourcesFiltering - Copying 0 resource from src\main\resources to target\classes
2024-05-20 20:14:58,111 [Worker-24: Building] INFO  o.a.m.s.f.DefaultMavenResourcesFiltering - Copying 0 resource from src\main\resources to target\classes
2024-05-20 20:14:58,115 [Worker-24: Building] INFO  o.a.m.s.f.DefaultMavenResourcesFiltering - skip non existing resourceDirectory E:\CurdOperation\src\test\resources
2024-05-20 20:24:59,522 [Worker-22: Building] INFO  o.a.m.s.f.DefaultMavenResourcesFiltering - Copying 0 resource from src\main\resources to target\classes
2024-05-20 20:24:59,522 [Worker-22: Building] INFO  o.a.m.s.f.DefaultMavenResourcesFiltering - Copying 0 resource from src\main\resources to target\classes
2024-05-20 20:24:59,522 [Worker-22: Building] INFO  o.a.m.s.f.DefaultMavenResourcesFiltering - skip non existing resourceDirectory E:\CurdOperation\src\test\resources
2024-05-20 20:44:07,460 [Worker-29: Building] INFO  o.a.m.s.f.DefaultMavenResourcesFiltering - Copying 0 resource from src\main\resources to target\classes
2024-05-20 20:44:07,462 [Worker-29: Building] INFO  o.a.m.s.f.DefaultMavenResourcesFiltering - Copying 0 resource from src\main\resources to target\classes
2024-05-20 20:44:07,466 [Worker-29: Building] INFO  o.a.m.s.f.DefaultMavenResourcesFiltering - skip non existing resourceDirectory E:\CurdOperation\src\test\resources
2024-05-20 20:45:33,689 [Worker-31: Building] INFO  o.a.m.s.f.DefaultMavenResourcesFiltering - Copying 0 resource from src\main\resources to target\classes
2024-05-20 20:45:33,690 [Worker-31: Building] INFO  o.a.m.s.f.DefaultMavenResourcesFiltering - Copying 0 resource from src\main\resources to target\classes
2024-05-20 20:45:33,696 [Worker-31: Building] INFO  o.a.m.s.f.DefaultMavenResourcesFiltering - skip non existing resourceDirectory E:\CurdOperation\src\test\resources
2024-05-20 21:28:09,595 [Worker-3: Loading available Gradle versions] INFO  o.e.b.c.i.u.g.PublishedGradleVersions - Gradle version information cache is up-to-date. Trying to read.
2024-05-20 21:28:22,308 [Worker-11: Building] INFO  o.a.m.s.f.DefaultMavenResourcesFiltering - Copying 1 resource from src\main\resources to target\classes
2024-05-20 21:28:22,327 [Worker-11: Building] INFO  o.a.m.s.f.DefaultMavenResourcesFiltering - Copying 0 resource from src\main\resources to target\classes
2024-05-20 21:28:22,331 [Worker-11: Building] INFO  o.a.m.s.f.DefaultMavenResourcesFiltering - skip non existing resourceDirectory E:\CurdOperation\src\test\resources
2024-05-20 21:34:58,721 [Worker-9: Updating Maven Project] INFO  o.e.m.c.i.p.ProjectConfigurationManager - Update started
2024-05-20 21:34:59,409 [Worker-9: Updating Maven Project] INFO  o.e.m.c.i.l.LifecycleMappingFactory - Using org.eclipse.m2e.jdt.JarLifecycleMapping lifecycle mapping for MavenProject: com.demo:CurdOperation:0.0.1-SNAPSHOT @ E:\CurdOperation\pom.xml.
2024-05-20 21:35:00,180 [Worker-9: Updating Maven Project] INFO  o.e.m.j.i.AbstractJavaProjectConfigurator - Adding source folder /CurdOperation/src/main/java
2024-05-20 21:35:00,181 [Worker-9: Updating Maven Project] INFO  o.e.m.j.i.AbstractJavaProjectConfigurator - Adding resource folder /CurdOperation/src/main/resources
2024-05-20 21:35:00,182 [Worker-9: Updating Maven Project] INFO  o.e.m.j.i.AbstractJavaProjectConfigurator - Adding resource folder /CurdOperation/src/main/resources
2024-05-20 21:35:00,183 [Worker-9: Updating Maven Project] INFO  o.e.m.j.i.AbstractJavaProjectConfigurator - Adding source folder /CurdOperation/src/test/java
2024-05-20 21:35:00,183 [Worker-9: Updating Maven Project] INFO  o.e.m.j.i.AbstractJavaProjectConfigurator - Adding resource folder /CurdOperation/src/test/resources
2024-05-20 21:35:00,419 [Worker-9: Updating Maven Project] INFO  o.e.m.c.i.p.ProjectConfigurationManager - Update completed for 1 poms: local refresh takes 0.00 sec, refresh facades takes 1.00 sec, update config takes 0.00 sec 
2024-05-20 21:35:00,878 [Worker-22: Building] INFO  o.a.m.s.f.DefaultMavenResourcesFiltering - Copying 1 resource from src\main\resources to target\classes
2024-05-20 21:35:00,895 [Worker-22: Building] INFO  o.a.m.s.f.DefaultMavenResourcesFiltering - Copying 0 resource from src\main\resources to target\classes
2024-05-20 21:35:00,899 [Worker-22: Building] INFO  o.a.m.s.f.DefaultMavenResourcesFiltering - skip non existing resourceDirectory E:\CurdOperation\src\test\resources
2024-05-20 21:35:40,479 [main] INFO  o.e.m2e.actions.ExecutePomAction - Creating new launch configuration
2024-05-20 21:36:32,686 [Worker-22: Launching Executing clean in E__CurdOperation] INFO  o.eclipse.m2e.core.internal.Bundles - getClasspathEntries(Bundle=org.eclipse.m2e.maven.runtime_3.9.600.20231203-1234 [297])
2024-05-20 21:36:32,688 [Worker-22: Launching Executing clean in E__CurdOperation] INFO  o.eclipse.m2e.core.internal.Bundles - 	Entry: C:\Users\Nishi Verma\.p2\pool\plugins\org.eclipse.m2e.maven.runtime_3.9.600.20231203-1234
2024-05-20 21:36:32,688 [Worker-22: Launching Executing clean in E__CurdOperation] INFO  o.eclipse.m2e.core.internal.Bundles - 	Entry: C:\Users\Nishi Verma\.p2\pool\plugins\org.eclipse.m2e.maven.runtime_3.9.600.20231203-1234\jars\aopalliance-1.0.jar
2024-05-20 21:36:32,689 [Worker-22: Launching Executing clean in E__CurdOperation] INFO  o.eclipse.m2e.core.internal.Bundles - 	Entry: C:\Users\Nishi Verma\.p2\pool\plugins\org.eclipse.m2e.maven.runtime_3.9.600.20231203-1234\jars\guice-5.1.0.jar
2024-05-20 21:36:32,689 [Worker-22: Launching Executing clean in E__CurdOperation] INFO  o.eclipse.m2e.core.internal.Bundles - 	Entry: C:\Users\Nishi Verma\.p2\pool\plugins\org.eclipse.m2e.maven.runtime_3.9.600.20231203-1234\jars\httpclient-4.5.14.jar
2024-05-20 21:36:32,689 [Worker-22: Launching Executing clean in E__CurdOperation] INFO  o.eclipse.m2e.core.internal.Bundles - 	Entry: C:\Users\Nishi Verma\.p2\pool\plugins\org.eclipse.m2e.maven.runtime_3.9.600.20231203-1234\jars\httpcore-4.4.16.jar
2024-05-20 21:36:32,689 [Worker-22: Launching Executing clean in E__CurdOperation] INFO  o.eclipse.m2e.core.internal.Bundles - 	Entry: C:\Users\Nishi Verma\.p2\pool\plugins\org.eclipse.m2e.maven.runtime_3.9.600.20231203-1234\jars\jansi-2.4.0.jar
2024-05-20 21:36:32,689 [Worker-22: Launching Executing clean in E__CurdOperation] INFO  o.eclipse.m2e.core.internal.Bundles - 	Entry: C:\Users\Nishi Verma\.p2\pool\plugins\org.eclipse.m2e.maven.runtime_3.9.600.20231203-1234\jars\jcl-over-slf4j-1.7.36.jar
2024-05-20 21:36:32,689 [Worker-22: Launching Executing clean in E__CurdOperation] INFO  o.eclipse.m2e.core.internal.Bundles - 	Entry: C:\Users\Nishi Verma\.p2\pool\plugins\org.eclipse.m2e.maven.runtime_3.9.600.20231203-1234\jars\maven-artifact-3.9.6.jar
2024-05-20 21:36:32,689 [Worker-22: Launching Executing clean in E__CurdOperation] INFO  o.eclipse.m2e.core.internal.Bundles - 	Entry: C:\Users\Nishi Verma\.p2\pool\plugins\org.eclipse.m2e.maven.runtime_3.9.600.20231203-1234\jars\maven-builder-support-3.9.6.jar
2024-05-20 21:36:32,689 [Worker-22: Launching Executing clean in E__CurdOperation] INFO  o.eclipse.m2e.core.internal.Bundles - 	Entry: C:\Users\Nishi Verma\.p2\pool\plugins\org.eclipse.m2e.maven.runtime_3.9.600.20231203-1234\jars\maven-compat-3.9.6.jar
2024-05-20 21:36:32,689 [Worker-22: Launching Executing clean in E__CurdOperation] INFO  o.eclipse.m2e.core.internal.Bundles - 	Entry: C:\Users\Nishi Verma\.p2\pool\plugins\org.eclipse.m2e.maven.runtime_3.9.600.20231203-1234\jars\maven-core-3.9.6.jar
2024-05-20 21:36:32,689 [Worker-22: Launching Executing clean in E__CurdOperation] INFO  o.eclipse.m2e.core.internal.Bundles - 	Entry: C:\Users\Nishi Verma\.p2\pool\plugins\org.eclipse.m2e.maven.runtime_3.9.600.20231203-1234\jars\maven-embedder-3.9.6.jar
2024-05-20 21:36:32,689 [Worker-22: Launching Executing clean in E__CurdOperation] INFO  o.eclipse.m2e.core.internal.Bundles - 	Entry: C:\Users\Nishi Verma\.p2\pool\plugins\org.eclipse.m2e.maven.runtime_3.9.600.20231203-1234\jars\maven-model-3.9.6.jar
2024-05-20 21:36:32,689 [Worker-22: Launching Executing clean in E__CurdOperation] INFO  o.eclipse.m2e.core.internal.Bundles - 	Entry: C:\Users\Nishi Verma\.p2\pool\plugins\org.eclipse.m2e.maven.runtime_3.9.600.20231203-1234\jars\maven-model-builder-3.9.6.jar
2024-05-20 21:36:32,690 [Worker-22: Launching Executing clean in E__CurdOperation] INFO  o.eclipse.m2e.core.internal.Bundles - 	Entry: C:\Users\Nishi Verma\.p2\pool\plugins\org.eclipse.m2e.maven.runtime_3.9.600.20231203-1234\jars\maven-plugin-api-3.9.6.jar
2024-05-20 21:36:32,690 [Worker-22: Launching Executing clean in E__CurdOperation] INFO  o.eclipse.m2e.core.internal.Bundles - 	Entry: C:\Users\Nishi Verma\.p2\pool\plugins\org.eclipse.m2e.maven.runtime_3.9.600.20231203-1234\jars\maven-repository-metadata-3.9.6.jar
2024-05-20 21:36:32,690 [Worker-22: Launching Executing clean in E__CurdOperation] INFO  o.eclipse.m2e.core.internal.Bundles - 	Entry: C:\Users\Nishi Verma\.p2\pool\plugins\org.eclipse.m2e.maven.runtime_3.9.600.20231203-1234\jars\maven-resolver-api-1.9.18.jar
2024-05-20 21:36:32,690 [Worker-22: Launching Executing clean in E__CurdOperation] INFO  o.eclipse.m2e.core.internal.Bundles - 	Entry: C:\Users\Nishi Verma\.p2\pool\plugins\org.eclipse.m2e.maven.runtime_3.9.600.20231203-1234\jars\maven-resolver-connector-basic-1.9.18.jar
2024-05-20 21:36:32,690 [Worker-22: Launching Executing clean in E__CurdOperation] INFO  o.eclipse.m2e.core.internal.Bundles - 	Entry: C:\Users\Nishi Verma\.p2\pool\plugins\org.eclipse.m2e.maven.runtime_3.9.600.20231203-1234\jars\maven-resolver-impl-1.9.18.jar
2024-05-20 21:36:32,690 [Worker-22: Launching Executing clean in E__CurdOperation] INFO  o.eclipse.m2e.core.internal.Bundles - 	Entry: C:\Users\Nishi Verma\.p2\pool\plugins\org.eclipse.m2e.maven.runtime_3.9.600.20231203-1234\jars\maven-resolver-named-locks-1.9.18.jar
2024-05-20 21:36:32,690 [Worker-22: Launching Executing clean in E__CurdOperation] INFO  o.eclipse.m2e.core.internal.Bundles - 	Entry: C:\Users\Nishi Verma\.p2\pool\plugins\org.eclipse.m2e.maven.runtime_3.9.600.20231203-1234\jars\maven-resolver-provider-3.9.6.jar
2024-05-20 21:36:32,690 [Worker-22: Launching Executing clean in E__CurdOperation] INFO  o.eclipse.m2e.core.internal.Bundles - 	Entry: C:\Users\Nishi Verma\.p2\pool\plugins\org.eclipse.m2e.maven.runtime_3.9.600.20231203-1234\jars\maven-resolver-spi-1.9.18.jar
2024-05-20 21:36:32,690 [Worker-22: Launching Executing clean in E__CurdOperation] INFO  o.eclipse.m2e.core.internal.Bundles - 	Entry: C:\Users\Nishi Verma\.p2\pool\plugins\org.eclipse.m2e.maven.runtime_3.9.600.20231203-1234\jars\maven-resolver-transport-file-1.9.18.jar
2024-05-20 21:36:32,690 [Worker-22: Launching Executing clean in E__CurdOperation] INFO  o.eclipse.m2e.core.internal.Bundles - 	Entry: C:\Users\Nishi Verma\.p2\pool\plugins\org.eclipse.m2e.maven.runtime_3.9.600.20231203-1234\jars\maven-resolver-transport-http-1.9.18.jar
2024-05-20 21:36:32,690 [Worker-22: Launching Executing clean in E__CurdOperation] INFO  o.eclipse.m2e.core.internal.Bundles - 	Entry: C:\Users\Nishi Verma\.p2\pool\plugins\org.eclipse.m2e.maven.runtime_3.9.600.20231203-1234\jars\maven-resolver-transport-wagon-1.9.18.jar
2024-05-20 21:36:32,690 [Worker-22: Launching Executing clean in E__CurdOperation] INFO  o.eclipse.m2e.core.internal.Bundles - 	Entry: C:\Users\Nishi Verma\.p2\pool\plugins\org.eclipse.m2e.maven.runtime_3.9.600.20231203-1234\jars\maven-resolver-util-1.9.18.jar
2024-05-20 21:36:32,691 [Worker-22: Launching Executing clean in E__CurdOperation] INFO  o.eclipse.m2e.core.internal.Bundles - 	Entry: C:\Users\Nishi Verma\.p2\pool\plugins\org.eclipse.m2e.maven.runtime_3.9.600.20231203-1234\jars\maven-settings-3.9.6.jar
2024-05-20 21:36:32,691 [Worker-22: Launching Executing clean in E__CurdOperation] INFO  o.eclipse.m2e.core.internal.Bundles - 	Entry: C:\Users\Nishi Verma\.p2\pool\plugins\org.eclipse.m2e.maven.runtime_3.9.600.20231203-1234\jars\maven-settings-builder-3.9.6.jar
2024-05-20 21:36:32,691 [Worker-22: Launching Executing clean in E__CurdOperation] INFO  o.eclipse.m2e.core.internal.Bundles - 	Entry: C:\Users\Nishi Verma\.p2\pool\plugins\org.eclipse.m2e.maven.runtime_3.9.600.20231203-1234\jars\maven-shared-utils-3.3.4.jar
2024-05-20 21:36:32,691 [Worker-22: Launching Executing clean in E__CurdOperation] INFO  o.eclipse.m2e.core.internal.Bundles - 	Entry: C:\Users\Nishi Verma\.p2\pool\plugins\org.eclipse.m2e.maven.runtime_3.9.600.20231203-1234\jars\org.eclipse.sisu.inject-0.9.0.M2.jar
2024-05-20 21:36:32,691 [Worker-22: Launching Executing clean in E__CurdOperation] INFO  o.eclipse.m2e.core.internal.Bundles - 	Entry: C:\Users\Nishi Verma\.p2\pool\plugins\org.eclipse.m2e.maven.runtime_3.9.600.20231203-1234\jars\org.eclipse.sisu.plexus-0.9.0.M2.jar
2024-05-20 21:36:32,691 [Worker-22: Launching Executing clean in E__CurdOperation] INFO  o.eclipse.m2e.core.internal.Bundles - 	Entry: C:\Users\Nishi Verma\.p2\pool\plugins\org.eclipse.m2e.maven.runtime_3.9.600.20231203-1234\jars\plexus-build-api-0.0.7.jar
2024-05-20 21:36:32,691 [Worker-22: Launching Executing clean in E__CurdOperation] INFO  o.eclipse.m2e.core.internal.Bundles - 	Entry: C:\Users\Nishi Verma\.p2\pool\plugins\org.eclipse.m2e.maven.runtime_3.9.600.20231203-1234\jars\plexus-cipher-2.0.jar
2024-05-20 21:36:32,691 [Worker-22: Launching Executing clean in E__CurdOperation] INFO  o.eclipse.m2e.core.internal.Bundles - 	Entry: C:\Users\Nishi Verma\.p2\pool\plugins\org.eclipse.m2e.maven.runtime_3.9.600.20231203-1234\jars\plexus-classworlds-2.7.0.jar
2024-05-20 21:36:32,691 [Worker-22: Launching Executing clean in E__CurdOperation] INFO  o.eclipse.m2e.core.internal.Bundles - 	Entry: C:\Users\Nishi Verma\.p2\pool\plugins\org.eclipse.m2e.maven.runtime_3.9.600.20231203-1234\jars\plexus-component-annotations-2.1.0.jar
2024-05-20 21:36:32,691 [Worker-22: Launching Executing clean in E__CurdOperation] INFO  o.eclipse.m2e.core.internal.Bundles - 	Entry: C:\Users\Nishi Verma\.p2\pool\plugins\org.eclipse.m2e.maven.runtime_3.9.600.20231203-1234\jars\plexus-interpolation-1.26.jar
2024-05-20 21:36:32,691 [Worker-22: Launching Executing clean in E__CurdOperation] INFO  o.eclipse.m2e.core.internal.Bundles - 	Entry: C:\Users\Nishi Verma\.p2\pool\plugins\org.eclipse.m2e.maven.runtime_3.9.600.20231203-1234\jars\plexus-sec-dispatcher-2.0.jar
2024-05-20 21:36:32,691 [Worker-22: Launching Executing clean in E__CurdOperation] INFO  o.eclipse.m2e.core.internal.Bundles - 	Entry: C:\Users\Nishi Verma\.p2\pool\plugins\org.eclipse.m2e.maven.runtime_3.9.600.20231203-1234\jars\plexus-utils-3.5.1.jar
2024-05-20 21:36:32,691 [Worker-22: Launching Executing clean in E__CurdOperation] INFO  o.eclipse.m2e.core.internal.Bundles - 	Entry: C:\Users\Nishi Verma\.p2\pool\plugins\org.eclipse.m2e.maven.runtime_3.9.600.20231203-1234\jars\wagon-file-3.5.3.jar
2024-05-20 21:36:32,691 [Worker-22: Launching Executing clean in E__CurdOperation] INFO  o.eclipse.m2e.core.internal.Bundles - 	Entry: C:\Users\Nishi Verma\.p2\pool\plugins\org.eclipse.m2e.maven.runtime_3.9.600.20231203-1234\jars\wagon-http-3.5.3.jar
2024-05-20 21:36:32,692 [Worker-22: Launching Executing clean in E__CurdOperation] INFO  o.eclipse.m2e.core.internal.Bundles - 	Entry: C:\Users\Nishi Verma\.p2\pool\plugins\org.eclipse.m2e.maven.runtime_3.9.600.20231203-1234\jars\wagon-http-shared-3.5.3.jar
2024-05-20 21:36:32,692 [Worker-22: Launching Executing clean in E__CurdOperation] INFO  o.eclipse.m2e.core.internal.Bundles - 	Entry: C:\Users\Nishi Verma\.p2\pool\plugins\org.eclipse.m2e.maven.runtime_3.9.600.20231203-1234\jars\wagon-provider-api-3.5.3.jar
2024-05-20 21:36:32,694 [Worker-22: Launching Executing clean in E__CurdOperation] INFO  o.eclipse.m2e.core.internal.Bundles - getClasspathEntries(Bundle=com.google.guava_33.0.0.jre [10])
2024-05-20 21:36:32,694 [Worker-22: Launching Executing clean in E__CurdOperation] INFO  o.eclipse.m2e.core.internal.Bundles - 	Entry: C:\Users\Nishi Verma\.p2\pool\plugins\com.google.guava_33.0.0.jre.jar
2024-05-20 21:36:32,694 [Worker-22: Launching Executing clean in E__CurdOperation] INFO  o.eclipse.m2e.core.internal.Bundles - getClasspathEntries(Bundle=slf4j.api_2.0.12 [1001])
2024-05-20 21:36:32,694 [Worker-22: Launching Executing clean in E__CurdOperation] INFO  o.eclipse.m2e.core.internal.Bundles - 	Entry: C:\Users\Nishi Verma\.p2\pool\plugins\slf4j.api_2.0.12.jar
2024-05-20 21:36:32,694 [Worker-22: Launching Executing clean in E__CurdOperation] INFO  o.eclipse.m2e.core.internal.Bundles - getClasspathEntries(Bundle=jakarta.inject.jakarta.inject-api_1.0.5 [22])
2024-05-20 21:36:32,695 [Worker-22: Launching Executing clean in E__CurdOperation] INFO  o.eclipse.m2e.core.internal.Bundles - 	Entry: C:\Users\Nishi Verma\.p2\pool\plugins\jakarta.inject.jakarta.inject-api_1.0.5.jar
2024-05-20 21:36:32,695 [Worker-22: Launching Executing clean in E__CurdOperation] INFO  o.eclipse.m2e.core.internal.Bundles - getClasspathEntries(Bundle=jakarta.annotation-api_1.3.5 [20])
2024-05-20 21:36:32,695 [Worker-22: Launching Executing clean in E__CurdOperation] INFO  o.eclipse.m2e.core.internal.Bundles - 	Entry: C:\Users\Nishi Verma\.p2\pool\plugins\jakarta.annotation-api_1.3.5.jar
2024-05-20 21:36:32,695 [Worker-22: Launching Executing clean in E__CurdOperation] INFO  o.eclipse.m2e.core.internal.Bundles - getClasspathEntries(Bundle=org.apache.commons.cli_1.6.0 [46])
2024-05-20 21:36:32,695 [Worker-22: Launching Executing clean in E__CurdOperation] INFO  o.eclipse.m2e.core.internal.Bundles - 	Entry: C:\Users\Nishi Verma\.p2\pool\plugins\org.apache.commons.cli_1.6.0.jar
2024-05-20 21:36:32,695 [Worker-22: Launching Executing clean in E__CurdOperation] INFO  o.eclipse.m2e.core.internal.Bundles - getClasspathEntries(Bundle=org.apache.commons.commons-codec_1.16.0 [47])
2024-05-20 21:36:32,695 [Worker-22: Launching Executing clean in E__CurdOperation] INFO  o.eclipse.m2e.core.internal.Bundles - 	Entry: C:\Users\Nishi Verma\.p2\pool\plugins\org.apache.commons.commons-codec_1.16.0.jar
2024-05-20 21:36:32,695 [Worker-22: Launching Executing clean in E__CurdOperation] INFO  o.eclipse.m2e.core.internal.Bundles - getClasspathEntries(Bundle=org.apache.commons.lang3_3.14.0 [53])
2024-05-20 21:36:32,695 [Worker-22: Launching Executing clean in E__CurdOperation] INFO  o.eclipse.m2e.core.internal.Bundles - 	Entry: C:\Users\Nishi Verma\.p2\pool\plugins\org.apache.commons.lang3_3.14.0.jar
2024-05-20 21:36:32,695 [Worker-22: Launching Executing clean in E__CurdOperation] INFO  o.eclipse.m2e.core.internal.Bundles - getClasspathEntries(Bundle=com.google.guava.failureaccess_1.0.2 [11])
2024-05-20 21:36:32,696 [Worker-22: Launching Executing clean in E__CurdOperation] INFO  o.eclipse.m2e.core.internal.Bundles - 	Entry: C:\Users\Nishi Verma\.p2\pool\plugins\com.google.guava.failureaccess_1.0.2.jar
2024-05-20 21:36:32,699 [Worker-22: Launching Executing clean in E__CurdOperation] INFO  o.e.m.i.launch.MavenLaunchDelegate - Run build in "E:\CurdOperation":
2024-05-20 21:36:32,703 [Worker-22: Launching Executing clean in E__CurdOperation] INFO  o.e.m.i.launch.MavenLaunchDelegate -  mvn  -B -Dstyle.color=always clean
2024-05-20 21:36:46,944 [main] INFO  o.e.m2e.actions.ExecutePomAction - Creating new launch configuration
2024-05-20 21:37:03,068 [Worker-26: Launching CurdOperation (1)] INFO  o.eclipse.m2e.core.internal.Bundles - getClasspathEntries(Bundle=org.eclipse.m2e.maven.runtime_3.9.600.20231203-1234 [297])
2024-05-20 21:37:03,069 [Worker-26: Launching CurdOperation (1)] INFO  o.eclipse.m2e.core.internal.Bundles - 	Entry: C:\Users\Nishi Verma\.p2\pool\plugins\org.eclipse.m2e.maven.runtime_3.9.600.20231203-1234
2024-05-20 21:37:03,069 [Worker-26: Launching CurdOperation (1)] INFO  o.eclipse.m2e.core.internal.Bundles - 	Entry: C:\Users\Nishi Verma\.p2\pool\plugins\org.eclipse.m2e.maven.runtime_3.9.600.20231203-1234\jars\aopalliance-1.0.jar
2024-05-20 21:37:03,069 [Worker-26: Launching CurdOperation (1)] INFO  o.eclipse.m2e.core.internal.Bundles - 	Entry: C:\Users\Nishi Verma\.p2\pool\plugins\org.eclipse.m2e.maven.runtime_3.9.600.20231203-1234\jars\guice-5.1.0.jar
2024-05-20 21:37:03,069 [Worker-26: Launching CurdOperation (1)] INFO  o.eclipse.m2e.core.internal.Bundles - 	Entry: C:\Users\Nishi Verma\.p2\pool\plugins\org.eclipse.m2e.maven.runtime_3.9.600.20231203-1234\jars\httpclient-4.5.14.jar
2024-05-20 21:37:03,069 [Worker-26: Launching CurdOperation (1)] INFO  o.eclipse.m2e.core.internal.Bundles - 	Entry: C:\Users\Nishi Verma\.p2\pool\plugins\org.eclipse.m2e.maven.runtime_3.9.600.20231203-1234\jars\httpcore-4.4.16.jar
2024-05-20 21:37:03,070 [Worker-26: Launching CurdOperation (1)] INFO  o.eclipse.m2e.core.internal.Bundles - 	Entry: C:\Users\Nishi Verma\.p2\pool\plugins\org.eclipse.m2e.maven.runtime_3.9.600.20231203-1234\jars\jansi-2.4.0.jar
2024-05-20 21:37:03,070 [Worker-26: Launching CurdOperation (1)] INFO  o.eclipse.m2e.core.internal.Bundles - 	Entry: C:\Users\Nishi Verma\.p2\pool\plugins\org.eclipse.m2e.maven.runtime_3.9.600.20231203-1234\jars\jcl-over-slf4j-1.7.36.jar
2024-05-20 21:37:03,070 [Worker-26: Launching CurdOperation (1)] INFO  o.eclipse.m2e.core.internal.Bundles - 	Entry: C:\Users\Nishi Verma\.p2\pool\plugins\org.eclipse.m2e.maven.runtime_3.9.600.20231203-1234\jars\maven-artifact-3.9.6.jar
2024-05-20 21:37:03,070 [Worker-26: Launching CurdOperation (1)] INFO  o.eclipse.m2e.core.internal.Bundles - 	Entry: C:\Users\Nishi Verma\.p2\pool\plugins\org.eclipse.m2e.maven.runtime_3.9.600.20231203-1234\jars\maven-builder-support-3.9.6.jar
2024-05-20 21:37:03,070 [Worker-26: Launching CurdOperation (1)] INFO  o.eclipse.m2e.core.internal.Bundles - 	Entry: C:\Users\Nishi Verma\.p2\pool\plugins\org.eclipse.m2e.maven.runtime_3.9.600.20231203-1234\jars\maven-compat-3.9.6.jar
2024-05-20 21:37:03,070 [Worker-26: Launching CurdOperation (1)] INFO  o.eclipse.m2e.core.internal.Bundles - 	Entry: C:\Users\Nishi Verma\.p2\pool\plugins\org.eclipse.m2e.maven.runtime_3.9.600.20231203-1234\jars\maven-core-3.9.6.jar
2024-05-20 21:37:03,070 [Worker-26: Launching CurdOperation (1)] INFO  o.eclipse.m2e.core.internal.Bundles - 	Entry: C:\Users\Nishi Verma\.p2\pool\plugins\org.eclipse.m2e.maven.runtime_3.9.600.20231203-1234\jars\maven-embedder-3.9.6.jar
2024-05-20 21:37:03,070 [Worker-26: Launching CurdOperation (1)] INFO  o.eclipse.m2e.core.internal.Bundles - 	Entry: C:\Users\Nishi Verma\.p2\pool\plugins\org.eclipse.m2e.maven.runtime_3.9.600.20231203-1234\jars\maven-model-3.9.6.jar
2024-05-20 21:37:03,070 [Worker-26: Launching CurdOperation (1)] INFO  o.eclipse.m2e.core.internal.Bundles - 	Entry: C:\Users\Nishi Verma\.p2\pool\plugins\org.eclipse.m2e.maven.runtime_3.9.600.20231203-1234\jars\maven-model-builder-3.9.6.jar
2024-05-20 21:37:03,070 [Worker-26: Launching CurdOperation (1)] INFO  o.eclipse.m2e.core.internal.Bundles - 	Entry: C:\Users\Nishi Verma\.p2\pool\plugins\org.eclipse.m2e.maven.runtime_3.9.600.20231203-1234\jars\maven-plugin-api-3.9.6.jar
2024-05-20 21:37:03,070 [Worker-26: Launching CurdOperation (1)] INFO  o.eclipse.m2e.core.internal.Bundles - 	Entry: C:\Users\Nishi Verma\.p2\pool\plugins\org.eclipse.m2e.maven.runtime_3.9.600.20231203-1234\jars\maven-repository-metadata-3.9.6.jar
2024-05-20 21:37:03,070 [Worker-26: Launching CurdOperation (1)] INFO  o.eclipse.m2e.core.internal.Bundles - 	Entry: C:\Users\Nishi Verma\.p2\pool\plugins\org.eclipse.m2e.maven.runtime_3.9.600.20231203-1234\jars\maven-resolver-api-1.9.18.jar
2024-05-20 21:37:03,070 [Worker-26: Launching CurdOperation (1)] INFO  o.eclipse.m2e.core.internal.Bundles - 	Entry: C:\Users\Nishi Verma\.p2\pool\plugins\org.eclipse.m2e.maven.runtime_3.9.600.20231203-1234\jars\maven-resolver-connector-basic-1.9.18.jar
2024-05-20 21:37:03,070 [Worker-26: Launching CurdOperation (1)] INFO  o.eclipse.m2e.core.internal.Bundles - 	Entry: C:\Users\Nishi Verma\.p2\pool\plugins\org.eclipse.m2e.maven.runtime_3.9.600.20231203-1234\jars\maven-resolver-impl-1.9.18.jar
2024-05-20 21:37:03,070 [Worker-26: Launching CurdOperation (1)] INFO  o.eclipse.m2e.core.internal.Bundles - 	Entry: C:\Users\Nishi Verma\.p2\pool\plugins\org.eclipse.m2e.maven.runtime_3.9.600.20231203-1234\jars\maven-resolver-named-locks-1.9.18.jar
2024-05-20 21:37:03,070 [Worker-26: Launching CurdOperation (1)] INFO  o.eclipse.m2e.core.internal.Bundles - 	Entry: C:\Users\Nishi Verma\.p2\pool\plugins\org.eclipse.m2e.maven.runtime_3.9.600.20231203-1234\jars\maven-resolver-provider-3.9.6.jar
2024-05-20 21:37:03,070 [Worker-26: Launching CurdOperation (1)] INFO  o.eclipse.m2e.core.internal.Bundles - 	Entry: C:\Users\Nishi Verma\.p2\pool\plugins\org.eclipse.m2e.maven.runtime_3.9.600.20231203-1234\jars\maven-resolver-spi-1.9.18.jar
2024-05-20 21:37:03,071 [Worker-26: Launching CurdOperation (1)] INFO  o.eclipse.m2e.core.internal.Bundles - 	Entry: C:\Users\Nishi Verma\.p2\pool\plugins\org.eclipse.m2e.maven.runtime_3.9.600.20231203-1234\jars\maven-resolver-transport-file-1.9.18.jar
2024-05-20 21:37:03,071 [Worker-26: Launching CurdOperation (1)] INFO  o.eclipse.m2e.core.internal.Bundles - 	Entry: C:\Users\Nishi Verma\.p2\pool\plugins\org.eclipse.m2e.maven.runtime_3.9.600.20231203-1234\jars\maven-resolver-transport-http-1.9.18.jar
2024-05-20 21:37:03,071 [Worker-26: Launching CurdOperation (1)] INFO  o.eclipse.m2e.core.internal.Bundles - 	Entry: C:\Users\Nishi Verma\.p2\pool\plugins\org.eclipse.m2e.maven.runtime_3.9.600.20231203-1234\jars\maven-resolver-transport-wagon-1.9.18.jar
2024-05-20 21:37:03,071 [Worker-26: Launching CurdOperation (1)] INFO  o.eclipse.m2e.core.internal.Bundles - 	Entry: C:\Users\Nishi Verma\.p2\pool\plugins\org.eclipse.m2e.maven.runtime_3.9.600.20231203-1234\jars\maven-resolver-util-1.9.18.jar
2024-05-20 21:37:03,071 [Worker-26: Launching CurdOperation (1)] INFO  o.eclipse.m2e.core.internal.Bundles - 	Entry: C:\Users\Nishi Verma\.p2\pool\plugins\org.eclipse.m2e.maven.runtime_3.9.600.20231203-1234\jars\maven-settings-3.9.6.jar
2024-05-20 21:37:03,071 [Worker-26: Launching CurdOperation (1)] INFO  o.eclipse.m2e.core.internal.Bundles - 	Entry: C:\Users\Nishi Verma\.p2\pool\plugins\org.eclipse.m2e.maven.runtime_3.9.600.20231203-1234\jars\maven-settings-builder-3.9.6.jar
2024-05-20 21:37:03,071 [Worker-26: Launching CurdOperation (1)] INFO  o.eclipse.m2e.core.internal.Bundles - 	Entry: C:\Users\Nishi Verma\.p2\pool\plugins\org.eclipse.m2e.maven.runtime_3.9.600.20231203-1234\jars\maven-shared-utils-3.3.4.jar
2024-05-20 21:37:03,071 [Worker-26: Launching CurdOperation (1)] INFO  o.eclipse.m2e.core.internal.Bundles - 	Entry: C:\Users\Nishi Verma\.p2\pool\plugins\org.eclipse.m2e.maven.runtime_3.9.600.20231203-1234\jars\org.eclipse.sisu.inject-0.9.0.M2.jar
2024-05-20 21:37:03,071 [Worker-26: Launching CurdOperation (1)] INFO  o.eclipse.m2e.core.internal.Bundles - 	Entry: C:\Users\Nishi Verma\.p2\pool\plugins\org.eclipse.m2e.maven.runtime_3.9.600.20231203-1234\jars\org.eclipse.sisu.plexus-0.9.0.M2.jar
2024-05-20 21:37:03,071 [Worker-26: Launching CurdOperation (1)] INFO  o.eclipse.m2e.core.internal.Bundles - 	Entry: C:\Users\Nishi Verma\.p2\pool\plugins\org.eclipse.m2e.maven.runtime_3.9.600.20231203-1234\jars\plexus-build-api-0.0.7.jar
2024-05-20 21:37:03,071 [Worker-26: Launching CurdOperation (1)] INFO  o.eclipse.m2e.core.internal.Bundles - 	Entry: C:\Users\Nishi Verma\.p2\pool\plugins\org.eclipse.m2e.maven.runtime_3.9.600.20231203-1234\jars\plexus-cipher-2.0.jar
2024-05-20 21:37:03,072 [Worker-26: Launching CurdOperation (1)] INFO  o.eclipse.m2e.core.internal.Bundles - 	Entry: C:\Users\Nishi Verma\.p2\pool\plugins\org.eclipse.m2e.maven.runtime_3.9.600.20231203-1234\jars\plexus-classworlds-2.7.0.jar
2024-05-20 21:37:03,072 [Worker-26: Launching CurdOperation (1)] INFO  o.eclipse.m2e.core.internal.Bundles - 	Entry: C:\Users\Nishi Verma\.p2\pool\plugins\org.eclipse.m2e.maven.runtime_3.9.600.20231203-1234\jars\plexus-component-annotations-2.1.0.jar
2024-05-20 21:37:03,072 [Worker-26: Launching CurdOperation (1)] INFO  o.eclipse.m2e.core.internal.Bundles - 	Entry: C:\Users\Nishi Verma\.p2\pool\plugins\org.eclipse.m2e.maven.runtime_3.9.600.20231203-1234\jars\plexus-interpolation-1.26.jar
2024-05-20 21:37:03,072 [Worker-26: Launching CurdOperation (1)] INFO  o.eclipse.m2e.core.internal.Bundles - 	Entry: C:\Users\Nishi Verma\.p2\pool\plugins\org.eclipse.m2e.maven.runtime_3.9.600.20231203-1234\jars\plexus-sec-dispatcher-2.0.jar
2024-05-20 21:37:03,072 [Worker-26: Launching CurdOperation (1)] INFO  o.eclipse.m2e.core.internal.Bundles - 	Entry: C:\Users\Nishi Verma\.p2\pool\plugins\org.eclipse.m2e.maven.runtime_3.9.600.20231203-1234\jars\plexus-utils-3.5.1.jar
2024-05-20 21:37:03,072 [Worker-26: Launching CurdOperation (1)] INFO  o.eclipse.m2e.core.internal.Bundles - 	Entry: C:\Users\Nishi Verma\.p2\pool\plugins\org.eclipse.m2e.maven.runtime_3.9.600.20231203-1234\jars\wagon-file-3.5.3.jar
2024-05-20 21:37:03,072 [Worker-26: Launching CurdOperation (1)] INFO  o.eclipse.m2e.core.internal.Bundles - 	Entry: C:\Users\Nishi Verma\.p2\pool\plugins\org.eclipse.m2e.maven.runtime_3.9.600.20231203-1234\jars\wagon-http-3.5.3.jar
2024-05-20 21:37:03,072 [Worker-26: Launching CurdOperation (1)] INFO  o.eclipse.m2e.core.internal.Bundles - 	Entry: C:\Users\Nishi Verma\.p2\pool\plugins\org.eclipse.m2e.maven.runtime_3.9.600.20231203-1234\jars\wagon-http-shared-3.5.3.jar
2024-05-20 21:37:03,072 [Worker-26: Launching CurdOperation (1)] INFO  o.eclipse.m2e.core.internal.Bundles - 	Entry: C:\Users\Nishi Verma\.p2\pool\plugins\org.eclipse.m2e.maven.runtime_3.9.600.20231203-1234\jars\wagon-provider-api-3.5.3.jar
2024-05-20 21:37:03,072 [Worker-26: Launching CurdOperation (1)] INFO  o.eclipse.m2e.core.internal.Bundles - getClasspathEntries(Bundle=com.google.guava_33.0.0.jre [10])
2024-05-20 21:37:03,073 [Worker-26: Launching CurdOperation (1)] INFO  o.eclipse.m2e.core.internal.Bundles - 	Entry: C:\Users\Nishi Verma\.p2\pool\plugins\com.google.guava_33.0.0.jre.jar
2024-05-20 21:37:03,073 [Worker-26: Launching CurdOperation (1)] INFO  o.eclipse.m2e.core.internal.Bundles - getClasspathEntries(Bundle=slf4j.api_2.0.12 [1001])
2024-05-20 21:37:03,073 [Worker-26: Launching CurdOperation (1)] INFO  o.eclipse.m2e.core.internal.Bundles - 	Entry: C:\Users\Nishi Verma\.p2\pool\plugins\slf4j.api_2.0.12.jar
2024-05-20 21:37:03,073 [Worker-26: Launching CurdOperation (1)] INFO  o.eclipse.m2e.core.internal.Bundles - getClasspathEntries(Bundle=jakarta.inject.jakarta.inject-api_1.0.5 [22])
2024-05-20 21:37:03,073 [Worker-26: Launching CurdOperation (1)] INFO  o.eclipse.m2e.core.internal.Bundles - 	Entry: C:\Users\Nishi Verma\.p2\pool\plugins\jakarta.inject.jakarta.inject-api_1.0.5.jar
2024-05-20 21:37:03,073 [Worker-26: Launching CurdOperation (1)] INFO  o.eclipse.m2e.core.internal.Bundles - getClasspathEntries(Bundle=jakarta.annotation-api_1.3.5 [20])
2024-05-20 21:37:03,074 [Worker-26: Launching CurdOperation (1)] INFO  o.eclipse.m2e.core.internal.Bundles - 	Entry: C:\Users\Nishi Verma\.p2\pool\plugins\jakarta.annotation-api_1.3.5.jar
2024-05-20 21:37:03,074 [Worker-26: Launching CurdOperation (1)] INFO  o.eclipse.m2e.core.internal.Bundles - getClasspathEntries(Bundle=org.apache.commons.cli_1.6.0 [46])
2024-05-20 21:37:03,074 [Worker-26: Launching CurdOperation (1)] INFO  o.eclipse.m2e.core.internal.Bundles - 	Entry: C:\Users\Nishi Verma\.p2\pool\plugins\org.apache.commons.cli_1.6.0.jar
2024-05-20 21:37:03,074 [Worker-26: Launching CurdOperation (1)] INFO  o.eclipse.m2e.core.internal.Bundles - getClasspathEntries(Bundle=org.apache.commons.commons-codec_1.16.0 [47])
2024-05-20 21:37:03,074 [Worker-26: Launching CurdOperation (1)] INFO  o.eclipse.m2e.core.internal.Bundles - 	Entry: C:\Users\Nishi Verma\.p2\pool\plugins\org.apache.commons.commons-codec_1.16.0.jar
2024-05-20 21:37:03,074 [Worker-26: Launching CurdOperation (1)] INFO  o.eclipse.m2e.core.internal.Bundles - getClasspathEntries(Bundle=org.apache.commons.lang3_3.14.0 [53])
2024-05-20 21:37:03,074 [Worker-26: Launching CurdOperation (1)] INFO  o.eclipse.m2e.core.internal.Bundles - 	Entry: C:\Users\Nishi Verma\.p2\pool\plugins\org.apache.commons.lang3_3.14.0.jar
2024-05-20 21:37:03,074 [Worker-26: Launching CurdOperation (1)] INFO  o.eclipse.m2e.core.internal.Bundles - getClasspathEntries(Bundle=com.google.guava.failureaccess_1.0.2 [11])
2024-05-20 21:37:03,074 [Worker-26: Launching CurdOperation (1)] INFO  o.eclipse.m2e.core.internal.Bundles - 	Entry: C:\Users\Nishi Verma\.p2\pool\plugins\com.google.guava.failureaccess_1.0.2.jar
2024-05-20 21:37:03,075 [Worker-26: Launching CurdOperation (1)] INFO  o.e.m.i.launch.MavenLaunchDelegate - Run build in "E:\CurdOperation":
2024-05-20 21:37:03,075 [Worker-26: Launching CurdOperation (1)] INFO  o.e.m.i.launch.MavenLaunchDelegate -  mvn  -B -Dstyle.color=always clean install
2024-05-20 21:37:40,190 [Worker-9: Building] INFO  o.a.m.s.f.DefaultMavenResourcesFiltering - Copying 0 resource from src\main\resources to target\classes
2024-05-20 21:37:40,190 [Worker-9: Building] INFO  o.a.m.s.f.DefaultMavenResourcesFiltering - Copying 0 resource from src\main\resources to target\classes
2024-05-20 21:37:40,192 [Worker-9: Building] INFO  o.a.m.s.f.DefaultMavenResourcesFiltering - skip non existing resourceDirectory E:\CurdOperation\src\test\resources
2024-05-25 18:33:45,294 [Worker-11: Loading available Gradle versions] INFO  o.e.b.c.i.u.g.PublishedGradleVersions - Gradle version information cache is out-of-date. Trying to update.
